#
# There is insufficient memory for the Java Runtime Environment to continue.
# Native memory allocation (malloc) failed to allocate 1048576 bytes for AllocateHeap
# Possible reasons:
#   The system is out of physical RAM or swap space
#   The process is running with CompressedOops enabled, and the Java Heap may be blocking the growth of the native heap
# Possible solutions:
#   Reduce memory load on the system
#   Increase physical memory or swap space
#   Check if swap backing store is full
#   Decrease Java heap size (-Xmx/-Xms)
#   Decrease number of Java threads
#   Decrease Java thread stack sizes (-Xss)
#   Set larger code cache with -XX:ReservedCodeCacheSize=
#   JVM is running with Unscaled Compressed Oops mode in which the Java heap is
#     placed in the first 4GB address space. The Java Heap base address is the
#     maximum limit for the native heap growth. Please use -XX:HeapBaseMinAddress
#     to set the Java Heap base and to place the Java Heap above 4GB virtual address.
# This output file may be truncated or incomplete.
#
#  Out of Memory Error (./open/src/hotspot/share/memory/allocation.cpp:46), pid=3176, tid=14752
#
# JRE version:  (11.0.14+8) (build )
# Java VM: Java HotSpot(TM) 64-Bit Server VM (11.0.14+8-LTS-263, mixed mode, sharing, tiered, compressed oops, g1 gc, windows-amd64)
# No core dump will be written. Minidumps are not enabled by default on client versions of Windows
#

---------------  S U M M A R Y ------------

Command Line: C:\Users\Admin\AppData\Local\Temp\surefire18312420883695723078\surefirebooter-20240630155450530_3.jar C:\Users\Admin\AppData\Local\Temp\surefire18312420883695723078 2024-06-30T15-54-50_154-jvmRun1 surefire-20240630155450530_1tmp surefire_0-20240630155450530_2tmp

Host: Intel(R) Core(TM) i5-7440HQ CPU @ 2.80GHz, 4 cores, 7G,  Windows 10 , 64 bit Build 19041 (10.0.19041.3636)
Time: Sun Jun 30 15:54:50 2024 India Standard Time elapsed time: 0.011367 seconds (0d 0h 0m 0s)

---------------  T H R E A D  ---------------

Current thread (0x0000025116cba000):  JavaThread "Unknown thread" [_thread_in_vm, id=14752, stack(0x000000d115300000,0x000000d115400000)]

Stack: [0x000000d115300000,0x000000d115400000]
Native frames: (J=compiled Java code, j=interpreted, Vv=VM code, C=native code)
V  [jvm.dll+0x6296da]
V  [jvm.dll+0x76323f]
V  [jvm.dll+0x7648e9]
V  [jvm.dll+0x764f73]
V  [jvm.dll+0x23d7c8]
V  [jvm.dll+0xb13f4]
V  [jvm.dll+0x2cbb38]
V  [jvm.dll+0x73d847]
V  [jvm.dll+0x73f0ef]
V  [jvm.dll+0x346909]
V  [jvm.dll+0x723160]
V  [jvm.dll+0x3b551f]
V  [jvm.dll+0x3b7631]
C  [jli.dll+0x5207]
C  [ucrtbase.dll+0x21bb2]
C  [KERNEL32.DLL+0x17344]
C  [ntdll.dll+0x4cc91]


---------------  P R O C E S S  ---------------

Threads class SMR info:
_java_thread_list=0x0000025114bd14a0, length=0, elements={
}

Java Threads: ( => current thread )

Other Threads:

=>0x0000025116cba000 (exited) JavaThread "Unknown thread" [_thread_in_vm, id=14752, stack(0x000000d115300000,0x000000d115400000)]

Threads with active compile tasks:

VM state:not at safepoint (not fully initialized)

VM Mutex/Monitor currently owned by a thread: None


[error occurred during error reporting (printing compressed oops mode), id 0xc0000005, EXCEPTION_ACCESS_VIOLATION (0xc0000005) at pc=0x00007ff8f0f0e737]

GC Heap History (0 events):
No events

Deoptimization events (0 events):
No events

Classes redefined (0 events):
No events

Internal exceptions (0 events):
No events

Events (0 events):
No events


Dynamic libraries:
0x00007ff73fc00000 - 0x00007ff73fc0f000 	C:\Program Files\Java\jdk-11.0.14\bin\java.exe
0x00007ff925a90000 - 0x00007ff925c88000 	C:\Windows\SYSTEM32\ntdll.dll
0x00007ff924b50000 - 0x00007ff924c0d000 	C:\Windows\System32\KERNEL32.DLL
0x00007ff923200000 - 0x00007ff9234f6000 	C:\Windows\System32\KERNELBASE.dll
0x00007ff923690000 - 0x00007ff923790000 	C:\Windows\System32\ucrtbase.dll
0x00007ff91db50000 - 0x00007ff91db65000 	C:\Program Files\Java\jdk-11.0.14\bin\VCRUNTIME140.dll
0x00007ff91dec0000 - 0x00007ff91ded8000 	C:\Program Files\Java\jdk-11.0.14\bin\jli.dll
0x00007ff925400000 - 0x00007ff9254b0000 	C:\Windows\System32\ADVAPI32.dll
0x00007ff925240000 - 0x00007ff9252de000 	C:\Windows\System32\msvcrt.dll
0x00007ff924c10000 - 0x00007ff924cb0000 	C:\Windows\System32\sechost.dll
0x00007ff924a20000 - 0x00007ff924b43000 	C:\Windows\System32\RPCRT4.dll
0x00007ff923660000 - 0x00007ff923687000 	C:\Windows\System32\bcrypt.dll
0x00007ff923ad0000 - 0x00007ff923c6f000 	C:\Windows\System32\USER32.dll
0x00007ff923aa0000 - 0x00007ff923ac2000 	C:\Windows\System32\win32u.dll
0x00007ff90fa50000 - 0x00007ff90fcea000 	C:\Windows\WinSxS\amd64_microsoft.windows.common-controls_6595b64144ccf1df_6.0.19041.4355_none_60b8b9eb71f62e16\COMCTL32.dll
0x00007ff9254b0000 - 0x00007ff9254db000 	C:\Windows\System32\GDI32.dll
0x00007ff923910000 - 0x00007ff923a27000 	C:\Windows\System32\gdi32full.dll
0x00007ff923820000 - 0x00007ff9238bd000 	C:\Windows\System32\msvcp_win.dll
0x00007ff91b450000 - 0x00007ff91b45a000 	C:\Windows\SYSTEM32\VERSION.dll
0x00007ff9249f0000 - 0x00007ff924a1f000 	C:\Windows\System32\IMM32.DLL
0x00007ff8f8da0000 - 0x00007ff8f8e3b000 	C:\Program Files\Java\jdk-11.0.14\bin\msvcp140.dll
0x00007ff8f07d0000 - 0x00007ff8f12e6000 	C:\Program Files\Java\jdk-11.0.14\bin\server\jvm.dll
0x00007ff9249e0000 - 0x00007ff9249e8000 	C:\Windows\System32\PSAPI.DLL
0x00007ff8d7510000 - 0x00007ff8d7519000 	C:\Windows\SYSTEM32\WSOCK32.dll
0x00007ff90d400000 - 0x00007ff90d427000 	C:\Windows\SYSTEM32\WINMM.dll
0x00007ff924d70000 - 0x00007ff924ddb000 	C:\Windows\System32\WS2_32.dll
0x00007ff921920000 - 0x00007ff921932000 	C:\Windows\SYSTEM32\kernel.appcore.dll
0x00007ff920240000 - 0x00007ff920250000 	C:\Program Files\Java\jdk-11.0.14\bin\verify.dll
0x00007ff920ce0000 - 0x00007ff920ec4000 	C:\Windows\SYSTEM32\DBGHELP.DLL
0x00007ff90d3c0000 - 0x00007ff90d3f4000 	C:\Windows\SYSTEM32\dbgcore.DLL
0x00007ff923790000 - 0x00007ff923812000 	C:\Windows\System32\bcryptPrimitives.dll
0x00007ff8ffc10000 - 0x00007ff8ffc38000 	C:\Program Files\Java\jdk-11.0.14\bin\java.dll
0x00007ff91ce30000 - 0x00007ff91ce3a000 	C:\Program Files\Java\jdk-11.0.14\bin\jimage.dll
0x00007ff91cd40000 - 0x00007ff91cd56000 	C:\Program Files\Java\jdk-11.0.14\bin\zip.dll

dbghelp: loaded successfully - version: 4.0.5 - missing functions: none
symbol engine: initialized successfully - sym options: 0x614 - pdb path: .;C:\Program Files\Java\jdk-11.0.14\bin;C:\Windows\SYSTEM32;C:\Windows\WinSxS\amd64_microsoft.windows.common-controls_6595b64144ccf1df_6.0.19041.4355_none_60b8b9eb71f62e16;C:\Program Files\Java\jdk-11.0.14\bin\server

VM Arguments:
java_command: C:\Users\Admin\AppData\Local\Temp\surefire18312420883695723078\surefirebooter-20240630155450530_3.jar C:\Users\Admin\AppData\Local\Temp\surefire18312420883695723078 2024-06-30T15-54-50_154-jvmRun1 surefire-20240630155450530_1tmp surefire_0-20240630155450530_2tmp
java_class_path (initial): C:\Users\Admin\AppData\Local\Temp\surefire18312420883695723078\surefirebooter-20240630155450530_3.jar
Launcher Type: SUN_STANDARD

[Global flags]
     intx CICompilerCount                          = 3                                         {product} {ergonomic}
     uint G1ConcRefinementThreads                  = 4                                         {product} {ergonomic}
   size_t G1HeapRegionSize                         = 1048576                                   {product} {ergonomic}
    uintx GCDrainStackTargetSize                   = 64                                        {product} {ergonomic}
   size_t InitialHeapSize                          = 134217728                                 {product} {ergonomic}
   size_t MaxHeapSize                              = 2118123520                                {product} {ergonomic}
   size_t MinHeapDeltaBytes                        = 1048576                                   {product} {ergonomic}
    uintx NonNMethodCodeHeapSize                   = 5830732                                {pd product} {ergonomic}
    uintx NonProfiledCodeHeapSize                  = 122913754                              {pd product} {ergonomic}
    uintx ProfiledCodeHeapSize                     = 122913754                              {pd product} {ergonomic}
    uintx ReservedCodeCacheSize                    = 251658240                              {pd product} {ergonomic}
     bool SegmentedCodeCache                       = true                                      {product} {ergonomic}
     bool UseCompressedClassPointers               = true                                 {lp64_product} {ergonomic}
     bool UseCompressedOops                        = true                                 {lp64_product} {ergonomic}
     bool UseG1GC                                  = true                                      {product} {ergonomic}
     bool UseLargePagesIndividualAllocation        = false                                  {pd product} {ergonomic}

Logging:
Log output configuration:
 #0: stdout all=warning uptime,level,tags
 #1: stderr all=off uptime,level,tags

Environment Variables:
JAVA_HOME=C:\Program Files\Java\jdk-11.0.14
PATH=C:\Program Files\Common Files\Oracle\Java\javapath;C:\Program Files (x86)\Common Files\Oracle\Java\javapath;C:\Windows\system32;C:\Windows;C:\Windows\System32\Wbem;C:\Windows\System32\WindowsPowerShell\v1.0\;C:\Windows\System32\OpenSSH\;C:\apache-maven-3.9.0\bin;C:\Program Files\Git\cmd;C:\Program Files\nodejs\;D:\Soft\allure-2.26.0\bin;C:\Users\Admin\AppData\Local\Android\Sdk\platform-tools;"C:\Users\Admin\AppData\Local\Android\Sdk\platform-tools\tools;";"C:\Users\Admin\AppData\Local\Android\Sdk\platform-tools\tools\bin;";C:\Program Files\MySQL\MySQL Shell 8.0\bin\;C:\Users\Admin\AppData\Local\Programs\Python\Python311\Scripts\;C:\Users\Admin\AppData\Local\Programs\Python\Python311\;C:\Users\Admin\AppData\Local\Microsoft\WindowsApps;C:\Users\Admin\AppData\Local\Programs\Microsoft VS Code\bin;C:\Users\Admin\AppData\Roaming\npm;D:\Soft\allure-2.26.0\bin;
USERNAME=Admin
OS=Windows_NT
PROCESSOR_IDENTIFIER=Intel64 Family 6 Model 158 Stepping 9, GenuineIntel



---------------  S Y S T E M  ---------------

OS: Windows 10 , 64 bit Build 19041 (10.0.19041.3636)
Hyper-V role detected

CPU:total 4 (initial active 4) (4 cores per cpu, 1 threads per core) family 6 model 158 stepping 9 microcode 0xf4, cmov, cx8, fxsr, mmx, sse, sse2, sse3, ssse3, sse4.1, sse4.2, popcnt, avx, avx2, aes, clmul, erms, rtm, 3dnowpref, lzcnt, tsc, tscinvbit, bmi1, bmi2, adx, fma

Memory: 4k page, system-wide physical 8073M (438M free)
TotalPageFile size 26744M (AvailPageFile size 5M)
current process WorkingSet (physical memory assigned to process): 9M, peak: 9M
current process commit charge ("private bytes"): 11M, peak: 12M

vm_info: Java HotSpot(TM) 64-Bit Server VM (11.0.14+8-LTS-263) for windows-amd64 JRE (11.0.14+8-LTS-263), built on Dec  7 2021 21:53:57 by "mach5one" with MS VC++ 15.9 (VS2017)

END.
